<?xml version="1.0" encoding="UTF-8"?>
<!-- Generated by org.testng.reporters.JUnitXMLReporter -->
<testsuite hostname="DESKTOP-QM44KM9" ignored="0" name="Default test" tests="4" failures="0" timestamp="2020-11-22T12:59:55 IST" time="12.109" errors="0">
  <testcase name="getPosts" time="5.299" classname="org.com.test.JSonplaceholdertest"/>
  <testcase name="postData" time="2.404" classname="org.com.test.JSonplaceholdertest"/>
  <testcase name="patchData" time="1.99" classname="org.com.test.JSonplaceholdertest"/>
  <testcase name="deleteData" time="1.823" classname="org.com.test.JSonplaceholdertest"/>
</testsuite> <!-- Default test -->
