<?xml version="1.0" encoding="UTF-8"?>
<!-- Generated by org.testng.reporters.JUnitXMLReporter -->
<testsuite hostname="DESKTOP-QM44KM9" ignored="0" name="Default test" tests="4" failures="0" timestamp="2020-11-22T12:59:20 IST" time="13.294" errors="0">
  <testcase name="getPosts" time="5.144" classname="org.com.test.JSonplaceholdertest"/>
  <testcase name="postData" time="3.073" classname="org.com.test.JSonplaceholdertest"/>
  <testcase name="patchData" time="2.31" classname="org.com.test.JSonplaceholdertest"/>
  <testcase name="deleteData" time="2.159" classname="org.com.test.JSonplaceholdertest"/>
</testsuite> <!-- Default test -->
